<?xml version="1.0" encoding="UTF-8"?>
<!-- Generated by org.testng.reporters.JUnitReportReporter -->
<testsuite hostname="MAY39" name="TestNGPackage.FirstTestNGFile" tests="1" failures="0" timestamp="26 Sep 2014 09:53:19 GMT" time="0.026" errors="0">
  <testcase name="verifyLoginPageTitle" time="0.026" classname="TestNGPackage.FirstTestNGFile"/>
</testsuite> <!-- TestNGPackage.FirstTestNGFile -->
